0000000000                         Data SEGMENT 
0000000000 ff                          FIRST DB 011111111b
0000000001 0f ff                       sec dw 0fffh
0000000003 00 00 00 0c                 Th1 DD 12
0000000007 80                      a db -128
0000000008 12 34                   b dw 1234h
000000000a af ff                   c dw 0afffh
000000000c ff ff ff fb             d dd -05
0000000010 ab 12 34 56             f dd 0ab123456h
0000000014                         Data ENDS
                        
0000000000                         Code SEGMENT 
0000000000 74 04 90 90 90 90       Jz begin
0000000006                         begin:
0000000006 74 fe                   Jz begin
0000000008 f9                      Stc
0000000009 48                      Dec eax
000000000a fe cf                   Dec bh
000000000c 8f 04 32                Pop dword ptr [edx + esi]
000000000f 8f 44 35 00             Pop dword ptr [ebp + esi]
0000000013 3e 8f 44 35 00          Pop dword ptr ds:[ebp + esi]
0000000018 8f 44 35 00             Pop dword ptr ss:[ebp + esi]
000000001c 65 8f 44 35 00          Pop dword ptr gs:[ebp + esi]
0000000021 0f bd c3                Bsr eax,ebx
0000000024 0f bd e3                Bsr esp,ebx
0000000027 eb 39 90 90 90          jmp end_1
000000002c 22 04 0b                And al,[ebx+ecx]
000000002f 09 0c 33                Or dword ptr [ebx + esi] , ecx
0000000032 08 6c 35 00             Or byte ptr [ebp + esi] , ch
0000000036 08 6c 35 00             Or byte ptr ss:[ebp + esi] , ch
000000003a 3e 08 6c 35 00          Or byte ptr ds:[ebp + esi] , ch
000000003f 26 08 6c 35 00          Or byte ptr es:[ebp + esi] , ch
0000000044 b0 ff                   Mov al,-1
0000000046 ba ff ff ff ff          Mov edx,-1
000000004b 2e 81 04 0a 1f ff ff ff Add dword ptr cs:[edx + ecx],1fffffffh
0000000053 74 0d 90 90 90 90       Jz end_1
0000000059 eb ab                   jmp begin
000000005b 0f ff                   var dw 0fffh
000000005d eb 03 90 90 90          jmp end_1
0000000062                         end_1:
0000000062 eb fe                   jmp end_1
0000000064 74 a0                   Jz begin
0000000066 08 6c 35 00             Or [ebp + esi] , ch
000000006a                         Code ENDS
0000000000                         END

SymbolName     Type      Value
A              Byte      DATA:0007
B              Word      DATA:0008
BEGIN          Near      CODE:0006
C              Word      DATA:000a
D              Dword     DATA:000c
END_1          Near      CODE:0062
F              Dword     DATA:0010
FIRST          Byte      DATA:0000
SEC            Word      DATA:0001
TH1            Dword     DATA:0003
VAR            Word      CODE:005b

SEGMENT        SIZE      BIT
DATA           14        32
CODE           6a        32

SEGMENT        DESTINATION    
CS             Nothing        
DS             Nothing        
ES             Nothing        
FS             Nothing        
GS             Nothing        
SS             Nothing        
