                        
0000000000                         Data SEGMENT 
[ 3 ] : Parser error DB Bad arguments     FIRST DB 00111111111b
[ 4 ] : Parser error DB Bad arguments A db -129
[ 5 ] : Parser error DB Bad arguments b db 0fach
0000000000 0f ff                       sec dw 0fffh
[ 7 ] : Parser error DW Bad arguments ccccc dw a2345h
0000000002 00 00 00 0c                 Th1 DD 12
[ 9 ] : Lexer error unknown identifier 123456789H  c dd 123456789h
0000000006 ff ff ff f1             cc dd -15
000000000a 00 00 2a aa             ccc dd 010101010101010b
000000000e                         Data ENDS
                        
0000000000                         Code segment
                        
0000000000 f1                      cc db -15
0000000001 eb 02 90 90 90          jmp begin
[ 18 ] : Parser error BEGIN already defined begin:
[ 19 ] : Parser error far jumps not allowed 	jmp cc
0000000006 f9                      	Stc
0000000007 48                      	Dec eax
[ 22 ] : Parser error DEC Bad arguments 	Dec bx
0000000008 74 fb                   	Jz begin
[ 24 ] : Parser error POP Bad arguments 	Pop ccc
000000000a 8f 04 32                	Pop dword ptr ds:[edx + esi]
[ 26 ] : Parser error equation parse error Pop dword ptr [esp + edi
[ 27 ] : Parser error not a valid base/index expression Pop dword ptr ds:[esp + esp]
000000000d 36 8f 04 3c             Pop dword ptr ss:[esp + edi]
[ 29 ] : Parser error BSR Bad arguments 	Bsr al,bl
0000000011 eb 37 90 90 90          	jmp end_1
[ 31 ] : Parser error equation parse error 	And al,[ebx+ecx+eax]
0000000016 23 14 0b                	And edx,[ebx+ecx]
0000000019 23 14 0b                	And edx,ds:[ebx+ecx]
[ 34 ] : Parser error ADD Bad arguments Add edx,[ebp+ecx]
000000001c 23 54 0d 00             And edx,ss:[ebp+ecx]
0000000020 3e 23 54 0d 00          And edx,ds:[ebp+ecx]
0000000025 09 0c 33                	Or dword ptr [ebx + esi] , ecx
[ 38 ] : Parser error MOV Bad arguments Mov al,bl
0000000028 b0 cc                   Mov al,cch
000000002a ba 00 00 00 3e          Mov edx,111110b
[ 41 ] : Parser error MOV Bad arguments Mov al,-520
000000002f 2e 81 04 0a ff ff ff ff 	Add dword ptr cs:[edx + ecx],0ffffffffh
0000000037 74 11 90 90 90 90       Jz end_1
000000003d eb c6                   jmp begin
000000003f 0f ff                   var dw 0fffh
0000000041 ff ff ff f1             cccc dd -15
0000000045 74 03 90 90 90 90       Jz end_1
[ 48 ] : Parser error END_1 already defined end_1:
000000004b 74 fd                   Jz end_1
000000004d                         Code ENDS
0000000000                         END

Errors : 11
SymbolName     Type      Value
A              Byte      DATA:0000
B              Byte      DATA:0000
BEGIN          Near      CODE:0005
CC             Dword     DATA:0006
CCC            Dword     DATA:000a
CCCC           Dword     CODE:0040
CCCCC          Word      DATA:0002
END_1          Near      CODE:004a
FIRST          Byte      DATA:0000
SEC            Word      DATA:0000
TH1            Dword     DATA:0002
VAR            Word      CODE:003e

SEGMENT        SIZE      BIT
DATA           e         32
CODE           4d        32

SEGMENT        DESTINATION    
CS             Nothing        
DS             Nothing        
ES             Nothing        
FS             Nothing        
GS             Nothing        
SS             Nothing        
